<?xml version="1.0" encoding="UTF-8"?>
<testsuite xmlns:xsi="http://www.w3.org/2001/XMLSchema-instance" xsi:noNamespaceSchemaLocation="https://maven.apache.org/surefire/maven-surefire-plugin/xsd/surefire-test-report-3.0.xsd" version="3.0" name="com.example.schoolhealth.SchoolHealthBackendApplicationTests" time="6.588" tests="1" errors="0" skipped="0" failures="0">
  <properties>
    <property name="java.specification.version" value="21"/>
    <property name="sun.jnu.encoding" value="UTF-8"/>
    <property name="java.class.path" value="/app/school-health-backend/target/test-classes:/app/school-health-backend/target/classes:/home/swebot/.m2/repository/org/springframework/boot/spring-boot-starter-web/3.2.0/spring-boot-starter-web-3.2.0.jar:/home/swebot/.m2/repository/org/springframework/boot/spring-boot-starter/3.2.0/spring-boot-starter-3.2.0.jar:/home/swebot/.m2/repository/org/springframework/boot/spring-boot/3.2.0/spring-boot-3.2.0.jar:/home/swebot/.m2/repository/org/springframework/boot/spring-boot-autoconfigure/3.2.0/spring-boot-autoconfigure-3.2.0.jar:/home/swebot/.m2/repository/org/springframework/boot/spring-boot-starter-logging/3.2.0/spring-boot-starter-logging-3.2.0.jar:/home/swebot/.m2/repository/ch/qos/logback/logback-classic/1.4.11/logback-classic-1.4.11.jar:/home/swebot/.m2/repository/ch/qos/logback/logback-core/1.4.11/logback-core-1.4.11.jar:/home/swebot/.m2/repository/org/apache/logging/log4j/log4j-to-slf4j/2.21.1/log4j-to-slf4j-2.21.1.jar:/home/swebot/.m2/repository/org/apache/logging/log4j/log4j-api/2.21.1/log4j-api-2.21.1.jar:/home/swebot/.m2/repository/org/slf4j/jul-to-slf4j/2.0.9/jul-to-slf4j-2.0.9.jar:/home/swebot/.m2/repository/jakarta/annotation/jakarta.annotation-api/2.1.1/jakarta.annotation-api-2.1.1.jar:/home/swebot/.m2/repository/org/yaml/snakeyaml/2.2/snakeyaml-2.2.jar:/home/swebot/.m2/repository/org/springframework/boot/spring-boot-starter-json/3.2.0/spring-boot-starter-json-3.2.0.jar:/home/swebot/.m2/repository/com/fasterxml/jackson/core/jackson-databind/2.15.3/jackson-databind-2.15.3.jar:/home/swebot/.m2/repository/com/fasterxml/jackson/core/jackson-annotations/2.15.3/jackson-annotations-2.15.3.jar:/home/swebot/.m2/repository/com/fasterxml/jackson/core/jackson-core/2.15.3/jackson-core-2.15.3.jar:/home/swebot/.m2/repository/com/fasterxml/jackson/datatype/jackson-datatype-jdk8/2.15.3/jackson-datatype-jdk8-2.15.3.jar:/home/swebot/.m2/repository/com/fasterxml/jackson/datatype/jackson-datatype-jsr310/2.15.3/jackson-datatype-jsr310-2.15.3.jar:/home/swebot/.m2/repository/com/fasterxml/jackson/module/jackson-module-parameter-names/2.15.3/jackson-module-parameter-names-2.15.3.jar:/home/swebot/.m2/repository/org/springframework/boot/spring-boot-starter-tomcat/3.2.0/spring-boot-starter-tomcat-3.2.0.jar:/home/swebot/.m2/repository/org/apache/tomcat/embed/tomcat-embed-core/10.1.16/tomcat-embed-core-10.1.16.jar:/home/swebot/.m2/repository/org/apache/tomcat/embed/tomcat-embed-websocket/10.1.16/tomcat-embed-websocket-10.1.16.jar:/home/swebot/.m2/repository/org/springframework/spring-web/6.1.1/spring-web-6.1.1.jar:/home/swebot/.m2/repository/org/springframework/spring-beans/6.1.1/spring-beans-6.1.1.jar:/home/swebot/.m2/repository/io/micrometer/micrometer-observation/1.12.0/micrometer-observation-1.12.0.jar:/home/swebot/.m2/repository/io/micrometer/micrometer-commons/1.12.0/micrometer-commons-1.12.0.jar:/home/swebot/.m2/repository/org/springframework/spring-webmvc/6.1.1/spring-webmvc-6.1.1.jar:/home/swebot/.m2/repository/org/springframework/spring-context/6.1.1/spring-context-6.1.1.jar:/home/swebot/.m2/repository/org/springframework/spring-expression/6.1.1/spring-expression-6.1.1.jar:/home/swebot/.m2/repository/org/springframework/boot/spring-boot-starter-data-jpa/3.2.0/spring-boot-starter-data-jpa-3.2.0.jar:/home/swebot/.m2/repository/org/springframework/boot/spring-boot-starter-aop/3.2.0/spring-boot-starter-aop-3.2.0.jar:/home/swebot/.m2/repository/org/aspectj/aspectjweaver/1.9.20.1/aspectjweaver-1.9.20.1.jar:/home/swebot/.m2/repository/org/springframework/boot/spring-boot-starter-jdbc/3.2.0/spring-boot-starter-jdbc-3.2.0.jar:/home/swebot/.m2/repository/com/zaxxer/HikariCP/5.0.1/HikariCP-5.0.1.jar:/home/swebot/.m2/repository/org/springframework/spring-jdbc/6.1.1/spring-jdbc-6.1.1.jar:/home/swebot/.m2/repository/org/hibernate/orm/hibernate-core/6.3.1.Final/hibernate-core-6.3.1.Final.jar:/home/swebot/.m2/repository/jakarta/persistence/jakarta.persistence-api/3.1.0/jakarta.persistence-api-3.1.0.jar:/home/swebot/.m2/repository/jakarta/transaction/jakarta.transaction-api/2.0.1/jakarta.transaction-api-2.0.1.jar:/home/swebot/.m2/repository/org/jboss/logging/jboss-logging/3.5.3.Final/jboss-logging-3.5.3.Final.jar:/home/swebot/.m2/repository/org/hibernate/common/hibernate-commons-annotations/6.0.6.Final/hibernate-commons-annotations-6.0.6.Final.jar:/home/swebot/.m2/repository/io/smallrye/jandex/3.1.2/jandex-3.1.2.jar:/home/swebot/.m2/repository/com/fasterxml/classmate/1.6.0/classmate-1.6.0.jar:/home/swebot/.m2/repository/net/bytebuddy/byte-buddy/1.14.10/byte-buddy-1.14.10.jar:/home/swebot/.m2/repository/org/glassfish/jaxb/jaxb-runtime/4.0.4/jaxb-runtime-4.0.4.jar:/home/swebot/.m2/repository/org/glassfish/jaxb/jaxb-core/4.0.4/jaxb-core-4.0.4.jar:/home/swebot/.m2/repository/org/eclipse/angus/angus-activation/2.0.1/angus-activation-2.0.1.jar:/home/swebot/.m2/repository/org/glassfish/jaxb/txw2/4.0.4/txw2-4.0.4.jar:/home/swebot/.m2/repository/com/sun/istack/istack-commons-runtime/4.1.2/istack-commons-runtime-4.1.2.jar:/home/swebot/.m2/repository/jakarta/inject/jakarta.inject-api/2.0.1/jakarta.inject-api-2.0.1.jar:/home/swebot/.m2/repository/org/antlr/antlr4-runtime/4.10.1/antlr4-runtime-4.10.1.jar:/home/swebot/.m2/repository/org/springframework/data/spring-data-jpa/3.2.0/spring-data-jpa-3.2.0.jar:/home/swebot/.m2/repository/org/springframework/data/spring-data-commons/3.2.0/spring-data-commons-3.2.0.jar:/home/swebot/.m2/repository/org/springframework/spring-orm/6.1.1/spring-orm-6.1.1.jar:/home/swebot/.m2/repository/org/springframework/spring-tx/6.1.1/spring-tx-6.1.1.jar:/home/swebot/.m2/repository/org/slf4j/slf4j-api/2.0.9/slf4j-api-2.0.9.jar:/home/swebot/.m2/repository/org/springframework/spring-aspects/6.1.1/spring-aspects-6.1.1.jar:/home/swebot/.m2/repository/org/postgresql/postgresql/42.6.0/postgresql-42.6.0.jar:/home/swebot/.m2/repository/org/checkerframework/checker-qual/3.31.0/checker-qual-3.31.0.jar:/home/swebot/.m2/repository/org/springframework/boot/spring-boot-starter-test/3.2.0/spring-boot-starter-test-3.2.0.jar:/home/swebot/.m2/repository/org/springframework/boot/spring-boot-test/3.2.0/spring-boot-test-3.2.0.jar:/home/swebot/.m2/repository/org/springframework/boot/spring-boot-test-autoconfigure/3.2.0/spring-boot-test-autoconfigure-3.2.0.jar:/home/swebot/.m2/repository/com/jayway/jsonpath/json-path/2.8.0/json-path-2.8.0.jar:/home/swebot/.m2/repository/jakarta/xml/bind/jakarta.xml.bind-api/4.0.1/jakarta.xml.bind-api-4.0.1.jar:/home/swebot/.m2/repository/jakarta/activation/jakarta.activation-api/2.1.2/jakarta.activation-api-2.1.2.jar:/home/swebot/.m2/repository/net/minidev/json-smart/2.5.0/json-smart-2.5.0.jar:/home/swebot/.m2/repository/net/minidev/accessors-smart/2.5.0/accessors-smart-2.5.0.jar:/home/swebot/.m2/repository/org/ow2/asm/asm/9.3/asm-9.3.jar:/home/swebot/.m2/repository/org/assertj/assertj-core/3.24.2/assertj-core-3.24.2.jar:/home/swebot/.m2/repository/org/awaitility/awaitility/4.2.0/awaitility-4.2.0.jar:/home/swebot/.m2/repository/org/hamcrest/hamcrest/2.2/hamcrest-2.2.jar:/home/swebot/.m2/repository/org/junit/jupiter/junit-jupiter/5.10.1/junit-jupiter-5.10.1.jar:/home/swebot/.m2/repository/org/junit/jupiter/junit-jupiter-api/5.10.1/junit-jupiter-api-5.10.1.jar:/home/swebot/.m2/repository/org/opentest4j/opentest4j/1.3.0/opentest4j-1.3.0.jar:/home/swebot/.m2/repository/org/junit/platform/junit-platform-commons/1.10.1/junit-platform-commons-1.10.1.jar:/home/swebot/.m2/repository/org/apiguardian/apiguardian-api/1.1.2/apiguardian-api-1.1.2.jar:/home/swebot/.m2/repository/org/junit/jupiter/junit-jupiter-params/5.10.1/junit-jupiter-params-5.10.1.jar:/home/swebot/.m2/repository/org/junit/jupiter/junit-jupiter-engine/5.10.1/junit-jupiter-engine-5.10.1.jar:/home/swebot/.m2/repository/org/junit/platform/junit-platform-engine/1.10.1/junit-platform-engine-1.10.1.jar:/home/swebot/.m2/repository/org/mockito/mockito-core/5.7.0/mockito-core-5.7.0.jar:/home/swebot/.m2/repository/net/bytebuddy/byte-buddy-agent/1.14.10/byte-buddy-agent-1.14.10.jar:/home/swebot/.m2/repository/org/objenesis/objenesis/3.3/objenesis-3.3.jar:/home/swebot/.m2/repository/org/mockito/mockito-junit-jupiter/5.7.0/mockito-junit-jupiter-5.7.0.jar:/home/swebot/.m2/repository/org/skyscreamer/jsonassert/1.5.1/jsonassert-1.5.1.jar:/home/swebot/.m2/repository/com/vaadin/external/google/android-json/0.0.20131108.vaadin1/android-json-0.0.20131108.vaadin1.jar:/home/swebot/.m2/repository/org/springframework/spring-core/6.1.1/spring-core-6.1.1.jar:/home/swebot/.m2/repository/org/springframework/spring-jcl/6.1.1/spring-jcl-6.1.1.jar:/home/swebot/.m2/repository/org/springframework/spring-test/6.1.1/spring-test-6.1.1.jar:/home/swebot/.m2/repository/org/xmlunit/xmlunit-core/2.9.1/xmlunit-core-2.9.1.jar:/home/swebot/.m2/repository/org/projectlombok/lombok/1.18.30/lombok-1.18.30.jar:/home/swebot/.m2/repository/io/hypersistence/hypersistence-utils-hibernate-62/3.7.0/hypersistence-utils-hibernate-62-3.7.0.jar:/home/swebot/.m2/repository/javax/xml/bind/jaxb-api/2.3.0/jaxb-api-2.3.0.jar:/home/swebot/.m2/repository/io/hypersistence/hypersistence-tsid/2.1.1/hypersistence-tsid-2.1.1.jar:/home/swebot/.m2/repository/org/springframework/boot/spring-boot-starter-validation/3.2.0/spring-boot-starter-validation-3.2.0.jar:/home/swebot/.m2/repository/org/apache/tomcat/embed/tomcat-embed-el/10.1.16/tomcat-embed-el-10.1.16.jar:/home/swebot/.m2/repository/org/hibernate/validator/hibernate-validator/8.0.1.Final/hibernate-validator-8.0.1.Final.jar:/home/swebot/.m2/repository/jakarta/validation/jakarta.validation-api/3.0.2/jakarta.validation-api-3.0.2.jar:/home/swebot/.m2/repository/org/springframework/boot/spring-boot-starter-security/3.2.0/spring-boot-starter-security-3.2.0.jar:/home/swebot/.m2/repository/org/springframework/spring-aop/6.1.1/spring-aop-6.1.1.jar:/home/swebot/.m2/repository/org/springframework/security/spring-security-config/6.2.0/spring-security-config-6.2.0.jar:/home/swebot/.m2/repository/org/springframework/security/spring-security-core/6.2.0/spring-security-core-6.2.0.jar:/home/swebot/.m2/repository/org/springframework/security/spring-security-crypto/6.2.0/spring-security-crypto-6.2.0.jar:/home/swebot/.m2/repository/org/springframework/security/spring-security-web/6.2.0/spring-security-web-6.2.0.jar:/home/swebot/.m2/repository/com/h2database/h2/2.2.224/h2-2.2.224.jar:/home/swebot/.m2/repository/org/mapstruct/mapstruct/1.5.5.Final/mapstruct-1.5.5.Final.jar:"/>
    <property name="java.vm.vendor" value="Ubuntu"/>
    <property name="sun.arch.data.model" value="64"/>
    <property name="java.vendor.url" value="https://ubuntu.com/"/>
    <property name="user.timezone" value="Etc/UTC"/>
    <property name="org.jboss.logging.provider" value="slf4j"/>
    <property name="os.name" value="Linux"/>
    <property name="java.vm.specification.version" value="21"/>
    <property name="sun.java.launcher" value="SUN_STANDARD"/>
    <property name="sun.boot.library.path" value="/usr/lib/jvm/java-21-openjdk-amd64/lib"/>
    <property name="sun.java.command" value="/app/school-health-backend/target/surefire/surefirebooter-20250606030409965_3.jar /app/school-health-backend/target/surefire 2025-06-06T03-04-09_872-jvmRun1 surefire-20250606030409965_1tmp surefire_0-20250606030409965_2tmp"/>
    <property name="jdk.debug" value="release"/>
    <property name="surefire.test.class.path" value="/app/school-health-backend/target/test-classes:/app/school-health-backend/target/classes:/home/swebot/.m2/repository/org/springframework/boot/spring-boot-starter-web/3.2.0/spring-boot-starter-web-3.2.0.jar:/home/swebot/.m2/repository/org/springframework/boot/spring-boot-starter/3.2.0/spring-boot-starter-3.2.0.jar:/home/swebot/.m2/repository/org/springframework/boot/spring-boot/3.2.0/spring-boot-3.2.0.jar:/home/swebot/.m2/repository/org/springframework/boot/spring-boot-autoconfigure/3.2.0/spring-boot-autoconfigure-3.2.0.jar:/home/swebot/.m2/repository/org/springframework/boot/spring-boot-starter-logging/3.2.0/spring-boot-starter-logging-3.2.0.jar:/home/swebot/.m2/repository/ch/qos/logback/logback-classic/1.4.11/logback-classic-1.4.11.jar:/home/swebot/.m2/repository/ch/qos/logback/logback-core/1.4.11/logback-core-1.4.11.jar:/home/swebot/.m2/repository/org/apache/logging/log4j/log4j-to-slf4j/2.21.1/log4j-to-slf4j-2.21.1.jar:/home/swebot/.m2/repository/org/apache/logging/log4j/log4j-api/2.21.1/log4j-api-2.21.1.jar:/home/swebot/.m2/repository/org/slf4j/jul-to-slf4j/2.0.9/jul-to-slf4j-2.0.9.jar:/home/swebot/.m2/repository/jakarta/annotation/jakarta.annotation-api/2.1.1/jakarta.annotation-api-2.1.1.jar:/home/swebot/.m2/repository/org/yaml/snakeyaml/2.2/snakeyaml-2.2.jar:/home/swebot/.m2/repository/org/springframework/boot/spring-boot-starter-json/3.2.0/spring-boot-starter-json-3.2.0.jar:/home/swebot/.m2/repository/com/fasterxml/jackson/core/jackson-databind/2.15.3/jackson-databind-2.15.3.jar:/home/swebot/.m2/repository/com/fasterxml/jackson/core/jackson-annotations/2.15.3/jackson-annotations-2.15.3.jar:/home/swebot/.m2/repository/com/fasterxml/jackson/core/jackson-core/2.15.3/jackson-core-2.15.3.jar:/home/swebot/.m2/repository/com/fasterxml/jackson/datatype/jackson-datatype-jdk8/2.15.3/jackson-datatype-jdk8-2.15.3.jar:/home/swebot/.m2/repository/com/fasterxml/jackson/datatype/jackson-datatype-jsr310/2.15.3/jackson-datatype-jsr310-2.15.3.jar:/home/swebot/.m2/repository/com/fasterxml/jackson/module/jackson-module-parameter-names/2.15.3/jackson-module-parameter-names-2.15.3.jar:/home/swebot/.m2/repository/org/springframework/boot/spring-boot-starter-tomcat/3.2.0/spring-boot-starter-tomcat-3.2.0.jar:/home/swebot/.m2/repository/org/apache/tomcat/embed/tomcat-embed-core/10.1.16/tomcat-embed-core-10.1.16.jar:/home/swebot/.m2/repository/org/apache/tomcat/embed/tomcat-embed-websocket/10.1.16/tomcat-embed-websocket-10.1.16.jar:/home/swebot/.m2/repository/org/springframework/spring-web/6.1.1/spring-web-6.1.1.jar:/home/swebot/.m2/repository/org/springframework/spring-beans/6.1.1/spring-beans-6.1.1.jar:/home/swebot/.m2/repository/io/micrometer/micrometer-observation/1.12.0/micrometer-observation-1.12.0.jar:/home/swebot/.m2/repository/io/micrometer/micrometer-commons/1.12.0/micrometer-commons-1.12.0.jar:/home/swebot/.m2/repository/org/springframework/spring-webmvc/6.1.1/spring-webmvc-6.1.1.jar:/home/swebot/.m2/repository/org/springframework/spring-context/6.1.1/spring-context-6.1.1.jar:/home/swebot/.m2/repository/org/springframework/spring-expression/6.1.1/spring-expression-6.1.1.jar:/home/swebot/.m2/repository/org/springframework/boot/spring-boot-starter-data-jpa/3.2.0/spring-boot-starter-data-jpa-3.2.0.jar:/home/swebot/.m2/repository/org/springframework/boot/spring-boot-starter-aop/3.2.0/spring-boot-starter-aop-3.2.0.jar:/home/swebot/.m2/repository/org/aspectj/aspectjweaver/1.9.20.1/aspectjweaver-1.9.20.1.jar:/home/swebot/.m2/repository/org/springframework/boot/spring-boot-starter-jdbc/3.2.0/spring-boot-starter-jdbc-3.2.0.jar:/home/swebot/.m2/repository/com/zaxxer/HikariCP/5.0.1/HikariCP-5.0.1.jar:/home/swebot/.m2/repository/org/springframework/spring-jdbc/6.1.1/spring-jdbc-6.1.1.jar:/home/swebot/.m2/repository/org/hibernate/orm/hibernate-core/6.3.1.Final/hibernate-core-6.3.1.Final.jar:/home/swebot/.m2/repository/jakarta/persistence/jakarta.persistence-api/3.1.0/jakarta.persistence-api-3.1.0.jar:/home/swebot/.m2/repository/jakarta/transaction/jakarta.transaction-api/2.0.1/jakarta.transaction-api-2.0.1.jar:/home/swebot/.m2/repository/org/jboss/logging/jboss-logging/3.5.3.Final/jboss-logging-3.5.3.Final.jar:/home/swebot/.m2/repository/org/hibernate/common/hibernate-commons-annotations/6.0.6.Final/hibernate-commons-annotations-6.0.6.Final.jar:/home/swebot/.m2/repository/io/smallrye/jandex/3.1.2/jandex-3.1.2.jar:/home/swebot/.m2/repository/com/fasterxml/classmate/1.6.0/classmate-1.6.0.jar:/home/swebot/.m2/repository/net/bytebuddy/byte-buddy/1.14.10/byte-buddy-1.14.10.jar:/home/swebot/.m2/repository/org/glassfish/jaxb/jaxb-runtime/4.0.4/jaxb-runtime-4.0.4.jar:/home/swebot/.m2/repository/org/glassfish/jaxb/jaxb-core/4.0.4/jaxb-core-4.0.4.jar:/home/swebot/.m2/repository/org/eclipse/angus/angus-activation/2.0.1/angus-activation-2.0.1.jar:/home/swebot/.m2/repository/org/glassfish/jaxb/txw2/4.0.4/txw2-4.0.4.jar:/home/swebot/.m2/repository/com/sun/istack/istack-commons-runtime/4.1.2/istack-commons-runtime-4.1.2.jar:/home/swebot/.m2/repository/jakarta/inject/jakarta.inject-api/2.0.1/jakarta.inject-api-2.0.1.jar:/home/swebot/.m2/repository/org/antlr/antlr4-runtime/4.10.1/antlr4-runtime-4.10.1.jar:/home/swebot/.m2/repository/org/springframework/data/spring-data-jpa/3.2.0/spring-data-jpa-3.2.0.jar:/home/swebot/.m2/repository/org/springframework/data/spring-data-commons/3.2.0/spring-data-commons-3.2.0.jar:/home/swebot/.m2/repository/org/springframework/spring-orm/6.1.1/spring-orm-6.1.1.jar:/home/swebot/.m2/repository/org/springframework/spring-tx/6.1.1/spring-tx-6.1.1.jar:/home/swebot/.m2/repository/org/slf4j/slf4j-api/2.0.9/slf4j-api-2.0.9.jar:/home/swebot/.m2/repository/org/springframework/spring-aspects/6.1.1/spring-aspects-6.1.1.jar:/home/swebot/.m2/repository/org/postgresql/postgresql/42.6.0/postgresql-42.6.0.jar:/home/swebot/.m2/repository/org/checkerframework/checker-qual/3.31.0/checker-qual-3.31.0.jar:/home/swebot/.m2/repository/org/springframework/boot/spring-boot-starter-test/3.2.0/spring-boot-starter-test-3.2.0.jar:/home/swebot/.m2/repository/org/springframework/boot/spring-boot-test/3.2.0/spring-boot-test-3.2.0.jar:/home/swebot/.m2/repository/org/springframework/boot/spring-boot-test-autoconfigure/3.2.0/spring-boot-test-autoconfigure-3.2.0.jar:/home/swebot/.m2/repository/com/jayway/jsonpath/json-path/2.8.0/json-path-2.8.0.jar:/home/swebot/.m2/repository/jakarta/xml/bind/jakarta.xml.bind-api/4.0.1/jakarta.xml.bind-api-4.0.1.jar:/home/swebot/.m2/repository/jakarta/activation/jakarta.activation-api/2.1.2/jakarta.activation-api-2.1.2.jar:/home/swebot/.m2/repository/net/minidev/json-smart/2.5.0/json-smart-2.5.0.jar:/home/swebot/.m2/repository/net/minidev/accessors-smart/2.5.0/accessors-smart-2.5.0.jar:/home/swebot/.m2/repository/org/ow2/asm/asm/9.3/asm-9.3.jar:/home/swebot/.m2/repository/org/assertj/assertj-core/3.24.2/assertj-core-3.24.2.jar:/home/swebot/.m2/repository/org/awaitility/awaitility/4.2.0/awaitility-4.2.0.jar:/home/swebot/.m2/repository/org/hamcrest/hamcrest/2.2/hamcrest-2.2.jar:/home/swebot/.m2/repository/org/junit/jupiter/junit-jupiter/5.10.1/junit-jupiter-5.10.1.jar:/home/swebot/.m2/repository/org/junit/jupiter/junit-jupiter-api/5.10.1/junit-jupiter-api-5.10.1.jar:/home/swebot/.m2/repository/org/opentest4j/opentest4j/1.3.0/opentest4j-1.3.0.jar:/home/swebot/.m2/repository/org/junit/platform/junit-platform-commons/1.10.1/junit-platform-commons-1.10.1.jar:/home/swebot/.m2/repository/org/apiguardian/apiguardian-api/1.1.2/apiguardian-api-1.1.2.jar:/home/swebot/.m2/repository/org/junit/jupiter/junit-jupiter-params/5.10.1/junit-jupiter-params-5.10.1.jar:/home/swebot/.m2/repository/org/junit/jupiter/junit-jupiter-engine/5.10.1/junit-jupiter-engine-5.10.1.jar:/home/swebot/.m2/repository/org/junit/platform/junit-platform-engine/1.10.1/junit-platform-engine-1.10.1.jar:/home/swebot/.m2/repository/org/mockito/mockito-core/5.7.0/mockito-core-5.7.0.jar:/home/swebot/.m2/repository/net/bytebuddy/byte-buddy-agent/1.14.10/byte-buddy-agent-1.14.10.jar:/home/swebot/.m2/repository/org/objenesis/objenesis/3.3/objenesis-3.3.jar:/home/swebot/.m2/repository/org/mockito/mockito-junit-jupiter/5.7.0/mockito-junit-jupiter-5.7.0.jar:/home/swebot/.m2/repository/org/skyscreamer/jsonassert/1.5.1/jsonassert-1.5.1.jar:/home/swebot/.m2/repository/com/vaadin/external/google/android-json/0.0.20131108.vaadin1/android-json-0.0.20131108.vaadin1.jar:/home/swebot/.m2/repository/org/springframework/spring-core/6.1.1/spring-core-6.1.1.jar:/home/swebot/.m2/repository/org/springframework/spring-jcl/6.1.1/spring-jcl-6.1.1.jar:/home/swebot/.m2/repository/org/springframework/spring-test/6.1.1/spring-test-6.1.1.jar:/home/swebot/.m2/repository/org/xmlunit/xmlunit-core/2.9.1/xmlunit-core-2.9.1.jar:/home/swebot/.m2/repository/org/projectlombok/lombok/1.18.30/lombok-1.18.30.jar:/home/swebot/.m2/repository/io/hypersistence/hypersistence-utils-hibernate-62/3.7.0/hypersistence-utils-hibernate-62-3.7.0.jar:/home/swebot/.m2/repository/javax/xml/bind/jaxb-api/2.3.0/jaxb-api-2.3.0.jar:/home/swebot/.m2/repository/io/hypersistence/hypersistence-tsid/2.1.1/hypersistence-tsid-2.1.1.jar:/home/swebot/.m2/repository/org/springframework/boot/spring-boot-starter-validation/3.2.0/spring-boot-starter-validation-3.2.0.jar:/home/swebot/.m2/repository/org/apache/tomcat/embed/tomcat-embed-el/10.1.16/tomcat-embed-el-10.1.16.jar:/home/swebot/.m2/repository/org/hibernate/validator/hibernate-validator/8.0.1.Final/hibernate-validator-8.0.1.Final.jar:/home/swebot/.m2/repository/jakarta/validation/jakarta.validation-api/3.0.2/jakarta.validation-api-3.0.2.jar:/home/swebot/.m2/repository/org/springframework/boot/spring-boot-starter-security/3.2.0/spring-boot-starter-security-3.2.0.jar:/home/swebot/.m2/repository/org/springframework/spring-aop/6.1.1/spring-aop-6.1.1.jar:/home/swebot/.m2/repository/org/springframework/security/spring-security-config/6.2.0/spring-security-config-6.2.0.jar:/home/swebot/.m2/repository/org/springframework/security/spring-security-core/6.2.0/spring-security-core-6.2.0.jar:/home/swebot/.m2/repository/org/springframework/security/spring-security-crypto/6.2.0/spring-security-crypto-6.2.0.jar:/home/swebot/.m2/repository/org/springframework/security/spring-security-web/6.2.0/spring-security-web-6.2.0.jar:/home/swebot/.m2/repository/com/h2database/h2/2.2.224/h2-2.2.224.jar:/home/swebot/.m2/repository/org/mapstruct/mapstruct/1.5.5.Final/mapstruct-1.5.5.Final.jar:"/>
    <property name="sun.cpu.endian" value="little"/>
    <property name="user.home" value="/home/swebot"/>
    <property name="user.language" value="en"/>
    <property name="java.specification.vendor" value="Oracle Corporation"/>
    <property name="java.version.date" value="2025-04-15"/>
    <property name="java.home" value="/usr/lib/jvm/java-21-openjdk-amd64"/>
    <property name="file.separator" value="/"/>
    <property name="basedir" value="/app/school-health-backend"/>
    <property name="java.vm.compressedOopsMode" value="32-bit"/>
    <property name="line.separator" value="&#10;"/>
    <property name="java.vm.specification.vendor" value="Oracle Corporation"/>
    <property name="java.specification.name" value="Java Platform API Specification"/>
    <property name="FILE_LOG_CHARSET" value="UTF-8"/>
    <property name="java.awt.headless" value="true"/>
    <property name="surefire.real.class.path" value="/app/school-health-backend/target/surefire/surefirebooter-20250606030409965_3.jar"/>
    <property name="sun.management.compiler" value="HotSpot 64-Bit Tiered Compilers"/>
    <property name="java.runtime.version" value="21.0.7+6-Ubuntu-0ubuntu124.04"/>
    <property name="user.name" value="jules"/>
    <property name="stdout.encoding" value="UTF-8"/>
    <property name="path.separator" value=":"/>
    <property name="os.version" value="6.8.0"/>
    <property name="java.runtime.name" value="OpenJDK Runtime Environment"/>
    <property name="file.encoding" value="UTF-8"/>
    <property name="java.vm.name" value="OpenJDK 64-Bit Server VM"/>
    <property name="localRepository" value="/home/swebot/.m2/repository"/>
    <property name="java.vendor.url.bug" value="https://bugs.launchpad.net/ubuntu/+source/openjdk-21"/>
    <property name="java.io.tmpdir" value="/tmp"/>
    <property name="com.zaxxer.hikari.pool_number" value="1"/>
    <property name="java.version" value="21.0.7"/>
    <property name="user.dir" value="/app/school-health-backend"/>
    <property name="os.arch" value="amd64"/>
    <property name="java.vm.specification.name" value="Java Virtual Machine Specification"/>
    <property name="PID" value="13401"/>
    <property name="CONSOLE_LOG_CHARSET" value="UTF-8"/>
    <property name="native.encoding" value="UTF-8"/>
    <property name="java.library.path" value="/usr/java/packages/lib:/usr/lib/x86_64-linux-gnu/jni:/lib/x86_64-linux-gnu:/usr/lib/x86_64-linux-gnu:/usr/lib/jni:/lib:/usr/lib"/>
    <property name="stderr.encoding" value="UTF-8"/>
    <property name="java.vm.info" value="mixed mode, sharing"/>
    <property name="java.vendor" value="Ubuntu"/>
    <property name="java.vm.version" value="21.0.7+6-Ubuntu-0ubuntu124.04"/>
    <property name="sun.io.unicode.encoding" value="UnicodeLittle"/>
    <property name="java.class.version" value="65.0"/>
  </properties>
  <testcase name="contextLoads" classname="com.example.schoolhealth.SchoolHealthBackendApplicationTests" time="0.013">
    <system-out><![CDATA[03:04:14.074 [main] INFO org.springframework.test.context.support.AnnotationConfigContextLoaderUtils -- Could not detect default configuration classes for test class [com.example.schoolhealth.SchoolHealthBackendApplicationTests]: SchoolHealthBackendApplicationTests does not declare any static, non-private, non-final, nested classes annotated with @Configuration.
03:04:14.190 [main] INFO org.springframework.boot.test.context.SpringBootTestContextBootstrapper -- Found @SpringBootConfiguration com.example.schoolhealth.SchoolHealthBackendApplication for test class com.example.schoolhealth.SchoolHealthBackendApplicationTests

  .   ____          _            __ _ _
 /\\ / ___'_ __ _ _(_)_ __  __ _ \ \ \ \
( ( )\___ | '_ | '_| | '_ \/ _` | \ \ \ \
 \\/  ___)| |_)| | | | | || (_| |  ) ) ) )
  '  |____| .__|_| |_|_| |_\__, | / / / /
 =========|_|==============|___/=/_/_/_/
 :: Spring Boot ::                (v3.2.0)

2025-06-06T03:04:14.833Z  INFO 13401 --- [           main] .e.s.SchoolHealthBackendApplicationTests : Starting SchoolHealthBackendApplicationTests using Java 21.0.7 with PID 13401 (started by jules in /app/school-health-backend)
2025-06-06T03:04:14.836Z  INFO 13401 --- [           main] .e.s.SchoolHealthBackendApplicationTests : No active profile set, falling back to 1 default profile: "default"
2025-06-06T03:04:15.695Z  INFO 13401 --- [           main] .s.d.r.c.RepositoryConfigurationDelegate : Bootstrapping Spring Data JPA repositories in DEFAULT mode.
2025-06-06T03:04:15.800Z  INFO 13401 --- [           main] .s.d.r.c.RepositoryConfigurationDelegate : Finished Spring Data repository scanning in 96 ms. Found 15 JPA repository interfaces.
2025-06-06T03:04:16.310Z  INFO 13401 --- [           main] o.hibernate.jpa.internal.util.LogHelper  : HHH000204: Processing PersistenceUnitInfo [name: default]
2025-06-06T03:04:16.362Z  INFO 13401 --- [           main] org.hibernate.Version                    : HHH000412: Hibernate ORM core version 6.3.1.Final
2025-06-06T03:04:16.395Z  INFO 13401 --- [           main] o.h.c.internal.RegionFactoryInitiator    : HHH000026: Second-level cache disabled
2025-06-06T03:04:16.495Z  INFO 13401 --- [           main] com.zaxxer.hikari.HikariDataSource       : HikariPool-1 - Starting...
2025-06-06T03:04:16.757Z  INFO 13401 --- [           main] com.zaxxer.hikari.pool.HikariPool        : HikariPool-1 - Added connection conn0: url=jdbc:h2:mem:testdb user=SA
2025-06-06T03:04:16.760Z  INFO 13401 --- [           main] com.zaxxer.hikari.HikariDataSource       : HikariPool-1 - Start completed.
2025-06-06T03:04:16.793Z  WARN 13401 --- [           main] org.hibernate.orm.deprecation            : HHH90000025: H2Dialect does not need to be specified explicitly using 'hibernate.dialect' (remove the property setting and it will be selected by default)
2025-06-06T03:04:16.864Z  INFO 13401 --- [           main] o.s.o.j.p.SpringPersistenceUnitInfo      : No LoadTimeWeaver setup: ignoring JPA class transformer
2025-06-06T03:04:18.237Z  INFO 13401 --- [           main] o.h.e.t.j.p.i.JtaPlatformInitiator       : HHH000489: No JTA platform available (set 'hibernate.transaction.jta.platform' to enable JTA platform integration)
Hibernate: drop table if exists chien_dich_kham_suc_khoe cascade
Hibernate: drop table if exists chien_dich_kham_suc_khoe_loai_kham cascade
Hibernate: drop table if exists chien_dich_tiem_chung cascade
Hibernate: drop table if exists ho_so_suc_khoe cascade
Hibernate: drop table if exists ho_so_suc_khoe_benh_man_tinh cascade
Hibernate: drop table if exists ho_so_suc_khoe_di_ung cascade
Hibernate: drop table if exists hoc_sinh cascade
Hibernate: drop table if exists hoc_sinh_giam_ho_khac cascade
Hibernate: drop table if exists ket_qua_kham_suc_khoe_hoc_sinh cascade
Hibernate: drop table if exists ket_qua_tiem_chung_hoc_sinh cascade
Hibernate: drop table if exists lich_su_cho_uong_thuoc cascade
Hibernate: drop table if exists nguoi_dung cascade
Hibernate: drop table if exists nhat_ky_xuat_kho cascade
Hibernate: drop table if exists su_kien_y_te cascade
Hibernate: drop table if exists su_kien_y_te_thuoc_da_su_dung cascade
Hibernate: drop table if exists su_kien_y_te_vat_tu_da_su_dung cascade
Hibernate: drop table if exists thong_bao cascade
Hibernate: drop table if exists thong_tin_tiem_chung cascade
Hibernate: drop table if exists thuoc cascade
Hibernate: drop table if exists vat_tu_y_te cascade
Hibernate: drop table if exists yeu_cau_gui_thuoc cascade
Hibernate: drop table if exists yeu_cau_gui_thuoc_ke_hoach_uong cascade
Hibernate: create table chien_dich_kham_suc_khoe (thoi_gian_du_kien date not null, id bigint generated by default as identity, id_nguoi_duyet bigint, id_nguoi_tao bigint not null, ngay_duyet timestamp(6), ngay_tao timestamp(6) not null, dia_diem_kham varchar(255), don_vi_thuc_hien_kham varchar(255), ten_chien_dich varchar(255) not null, trang_thai varchar(255) not null check (trang_thai in ('MOI_TAO','CHO_DUYET','DA_DUYET','DA_THONG_BAO_PHU_HUYNH','DANG_DIEN_RA','TAM_DUNG','HOAN_THANH','DA_HUY')), doi_tuong_ap_dung clob not null, ghi_chu_chung clob, ly_do_huy clob, primary key (id))
Hibernate: create table chien_dich_kham_suc_khoe_loai_kham (chien_dich_id bigint not null, loai_kham varchar(255) not null)
Hibernate: create table chien_dich_tiem_chung (id bigint generated by default as identity, id_nguoi_duyet bigint, id_nguoi_tao bigint not null, ngay_duyet timestamp(6), ngay_tao timestamp(6) not null, thoi_gian_du_kien_bat_dau timestamp(6) not null, thoi_gian_du_kien_ket_thuc timestamp(6) not null, dia_diem_tiem_chung varchar(255), ten_chien_dich varchar(255) not null, ten_vaccine varchar(255) not null, trang_thai varchar(255) not null check (trang_thai in ('MOI_TAO','CHO_DUYET','DA_DUYET','DA_THONG_BAO_PHU_HUYNH','DANG_DIEN_RA','TAM_DUNG','HOAN_THANH','DA_HUY')), doi_tuong_ap_dung clob not null, ghi_chu_chung clob, ly_do_huy clob, mo_ta_vaccine clob, tieu_chi_tham_gia clob, primary key (id))
Hibernate: create table ho_so_suc_khoe (thi_luc_ngay_kham date, thinh_luc_ngay_kham date, id bigint generated by default as identity, id_hoc_sinh bigint not null unique, id_nguoi_cap_nhat_cuoi bigint not null, ngay_cap_nhat_cuoi timestamp(6) not null, nhom_mau varchar(255) check (nhom_mau in ('A_PLUS','A_MINUS','B_PLUS','B_MINUS','AB_PLUS','AB_MINUS','O_PLUS','O_MINUS')), thi_luc_ghi_chu varchar(255), thi_luc_mat_phai varchar(255), thi_luc_mat_trai varchar(255), thinh_luc_ghi_chu varchar(255), thinh_luc_tai_phai varchar(255), thinh_luc_tai_trai varchar(255), ghi_chu_khac clob, tien_su_dieu_tri clob, primary key (id))
Hibernate: create table ho_so_suc_khoe_benh_man_tinh (ho_so_id bigint not null, benh_man_tinh varchar(255))
Hibernate: create table ho_so_suc_khoe_di_ung (ho_so_id bigint not null, di_ung varchar(255))
Hibernate: create table hoc_sinh (ngay_sinh date not null, id bigint generated by default as identity, id_ho_so_suc_khoe bigint, id_nguoi_giam_ho_chinh bigint not null, anh_dai_dien_url varchar(255), gioi_tinh varchar(255) not null check (gioi_tinh in ('NAM','NU','KHAC')), ho_ten varchar(255) not null, id_truong_hoc varchar(255) not null, lop varchar(255), ma_hoc_sinh varchar(255), ghi_chu clob, primary key (id))
Hibernate: create table hoc_sinh_giam_ho_khac (hoc_sinh_id bigint not null, nguoi_giam_ho_id bigint)
Hibernate: create table ket_qua_kham_suc_khoe_hoc_sinh (can_hen_lich_tu_van boolean not null, da_gui_thong_bao_ket_qua_choph boolean not null, ngay_kham date not null, id bigint generated by default as identity, id_chien_dich_kham_suc_khoe bigint not null, id_hoc_sinh bigint not null, ngay_gui_thong_bao_ket_qua timestamp(6), id_bac_si_kham varchar(255), de_nghi_cua_bac_si clob, ket_luan_tong_quat_cua_bac_si clob not null, ket_qua_chi_tiet JSON, primary key (id))
Hibernate: create table ket_qua_tiem_chung_hoc_sinh (da_gui_thong_bao_ket_qua_choph boolean not null, ngay_tiem_thuc_te date, id bigint generated by default as identity, id_chien_dich_tiem_chung bigint not null, id_hoc_sinh bigint not null, id_phu_huynh bigint, ngay_dongyhoac_tu_choi timestamp(6), ngay_gui_thong_bao_ket_qua timestamp(6), lo_vaccine varchar(255), ten_can_bo_tiem varchar(255), trang_thai_tham_gia varchar(255) not null check (trang_thai_tham_gia in ('CHUA_DANG_KY','DA_DONG_Y','DA_TU_CHOI','DA_TIEM','HOAN_TIEM','CHONG_CHI_DINH')), ghi_chu_cuayta clob, phan_ung_sau_tiem clob, primary key (id))
Hibernate: create table lich_su_cho_uong_thuoc (id bigint generated by default as identity, idyta_cho_uong bigint, thoi_gian_ke_hoach timestamp(6) not null, thoi_gian_thuc_te timestamp(6), yeu_cau_gui_thuoc_id bigint not null, trang_thai varchar(255) not null check (trang_thai in ('CHUA_DEN_GIO','DA_CHO_UONG','BO_LO','CO_VAN_DE')), ghi_chuyta clob, primary key (id))
Hibernate: create table nguoi_dung (id bigint generated by default as identity, ngay_tao timestamp(6) not null, dia_chi varchar(255), email varchar(255), ho_ten varchar(255), id_truong_hoc varchar(255), mat_khau_hash varchar(255), so_dien_thoai varchar(255), ten_dang_nhap varchar(255) not null unique, trang_thai varchar(255) check (trang_thai in ('HOAT_DONG','KHOA')), vai_tro varchar(255) not null check (vai_tro in ('PHU_HUYNH','Y_TA','ADMIN')), primary key (id))
Hibernate: create table nhat_ky_xuat_kho (so_luong_xuat integer not null, id bigint generated by default as identity, id_chien_dich_lien_quan bigint, id_nguoi_xuat bigint not null, id_san_pham bigint not null, id_su_kienyte_lien_quan bigint, ngay_xuat timestamp(6) not null, don_vi_tinh varchar(255) not null check (don_vi_tinh in ('VIEN','GOI','CHAI','TUYP','HOP','ML','CAI','CUON')), loai_san_pham varchar(255) not null check (loai_san_pham in ('THUOC','VAT_TU_Y_TE')), ly_do_xuat varchar(255) not null check (ly_do_xuat in ('SU_DUNG_CHO_SU_CO_Y_TE','BO_SUNG_TU_THUOC_LOP','HET_HAN','KHAC')), ten_san_pham varchar(255) not null, ghi_chu clob, primary key (id))
Hibernate: create table su_kien_y_te (da_thong_bao_phu_huynh boolean not null, id bigint generated by default as identity, id_hoc_sinh bigint not null, id_yeu_cau_gui_thuoc_lien_quan bigint, idyta_ghi_nhan bigint not null, ngay_cap_nhat timestamp(6) not null, ngay_tao timestamp(6) not null, thoi_gian_thong_bao_phu_huynh timestamp(6), thoi_gian_xay_ra timestamp(6) not null, dia_diem_xay_ra varchar(255), loai_su_co varchar(255) not null check (loai_su_co in ('TAI_NAN_NHE','SOT','DAU_BUNG','NON_MUA','TE_NGA','DI_UNG_NHE','BENH_THONG_THUONG','CAN_THEO_DOI_DAC_BIET','TAI_NAN_CAN_CAN_THIEP_Y_TE','BENH_LAY_NHIEM_NGHI_NGO','KHAC')), muc_do_nghiem_trong varchar(255) check (muc_do_nghiem_trong in ('NHE','TRUNG_BINH','NGHIEM_TRONG','CAN_CAP_CUU')), bien_phap_xu_ly_ban_dau clob not null, ghi_chu_them_cuayta clob, mo_ta_chi_tiet clob not null, tinh_trang_hoc_sinh_sau_xu_ly clob not null, primary key (id))
Hibernate: create table su_kien_y_te_thuoc_da_su_dung (so_luong float(53), su_kien_y_te_id bigint not null, don_vi varchar(255), ten_san_pham varchar(255))
Hibernate: create table su_kien_y_te_vat_tu_da_su_dung (so_luong float(53), su_kien_y_te_id bigint not null, don_vi varchar(255), ten_san_pham varchar(255))
Hibernate: create table thong_bao (id bigint generated by default as identity, id_nguoi_gui bigint, id_nguoi_nhan bigint not null, thoi_gian_gui timestamp(6) not null, link_lien_quan varchar(255), loai_thong_bao varchar(255) not null check (loai_thong_bao in ('HE_THONG','GUI_THUOC','SU_CO_Y_TE','TIEM_CHUNG_MOI','TIEM_CHUNG_KET_QUA','KHAM_SUC_KHOE_KE_HOACH','KHAM_SUC_KHOE_KET_QUA','CAP_NHAT_HO_SO_SUC_KHOE','CANH_BAO_TON_KHO','NHAC_NHO_LICH_HEN')), muc_do_quan_trong varchar(255) check (muc_do_quan_trong in ('THONG_THUONG','QUAN_TRONG','KHAN_CAP')), tieu_de varchar(255) not null, trang_thai_doc varchar(255) not null check (trang_thai_doc in ('CHUA_DOC','DA_DOC')), noi_dung clob not null, primary key (id))
Hibernate: create table thong_tin_tiem_chung (ngay_tiem date, ho_so_suc_khoe_id bigint not null, id bigint generated by default as identity, ghi_chu varchar(255), lieu_luong varchar(255), ten_vaccine varchar(255), primary key (id))
Hibernate: create table thuoc (ngay_het_han date, nguong_canh_bao_ton_kho integer, so_luong_ton_kho integer not null, id bigint generated by default as identity, id_nguoi_quan_ly bigint not null, don_vi_tinh varchar(255) not null check (don_vi_tinh in ('VIEN','GOI','CHAI','TUYP','HOP','ML','CAI','CUON')), ham_luong varchar(255), ma_thuoc varchar(255), nha_san_xuat varchar(255), ten_thuoc varchar(255) not null, ghi_chu clob, mo_ta_chi_tiet clob, primary key (id))
Hibernate: create table vat_tu_y_te (ngay_het_han date, nguong_canh_bao_ton_kho integer, so_luong_ton_kho integer not null, id bigint generated by default as identity, id_nguoi_quan_ly bigint not null, don_vi_tinh varchar(255) not null check (don_vi_tinh in ('VIEN','GOI','CHAI','TUYP','HOP','ML','CAI','CUON')), ma_vat_tu varchar(255), nha_san_xuat varchar(255), ten_vat_tu varchar(255) not null, ghi_chu clob, mo_ta_chi_tiet clob, primary key (id))
Hibernate: create table yeu_cau_gui_thuoc (so_luong_moi_lan_uong float(53) not null, id bigint generated by default as identity, id_hoc_sinh bigint not null, id_phu_huynh_gui bigint not null, idyta_xu_ly bigint, ngay_cap_nhat timestamp(6) not null, ngay_tao timestamp(6) not null, don_thuoc_url varchar(255), don_vi_tinh varchar(255) not null, don_vi_uong varchar(255) not null, duong_dung varchar(255), ham_luong varchar(255), lien_he_khan_cap varchar(255) not null, ten_thuoc varchar(255) not null, trang_thai varchar(255) not null check (trang_thai in ('MOI_TAO','DA_XAC_NHAN_TRUONG','PHU_HUYNH_DA_GUI_THUOC','Y_TA_DA_NHAN_THUOC','DANG_CHO_UONG','DA_CHO_UONG_MOT_PHAN','HOAN_THANH','DA_HUY','TU_CHOI')), ghi_chu_phu_huynh clob, huong_dan_su_dung clob not null, ly_do_huy_hoac_tu_choi clob, primary key (id))
Hibernate: create table yeu_cau_gui_thuoc_ke_hoach_uong (thoi_gian_ke_hoach timestamp(6) not null, yeu_cau_id bigint not null)
Hibernate: alter table if exists chien_dich_kham_suc_khoe_loai_kham add constraint FKlt4xdvntecvcx7qt99rqv8mbv foreign key (chien_dich_id) references chien_dich_kham_suc_khoe
Hibernate: alter table if exists ho_so_suc_khoe_benh_man_tinh add constraint FKqsrcx4wiov5kufe7lj5v21t1n foreign key (ho_so_id) references ho_so_suc_khoe
Hibernate: alter table if exists ho_so_suc_khoe_di_ung add constraint FK4xobven5qkv89sdu09sj006f5 foreign key (ho_so_id) references ho_so_suc_khoe
Hibernate: alter table if exists hoc_sinh_giam_ho_khac add constraint FKha39glmfvrinjr3dlyavmhutf foreign key (hoc_sinh_id) references hoc_sinh
Hibernate: alter table if exists lich_su_cho_uong_thuoc add constraint FK50sce6w5rtaorw8fsvcbvtdym foreign key (yeu_cau_gui_thuoc_id) references yeu_cau_gui_thuoc
Hibernate: alter table if exists su_kien_y_te_thuoc_da_su_dung add constraint FK6sgbsf9smy37iifikjqj3n7j5 foreign key (su_kien_y_te_id) references su_kien_y_te
Hibernate: alter table if exists su_kien_y_te_vat_tu_da_su_dung add constraint FKptpa9jkhcybmblr86klmm2m85 foreign key (su_kien_y_te_id) references su_kien_y_te
Hibernate: alter table if exists thong_tin_tiem_chung add constraint FK36i52pfkbv8kptk9xx2rgqurj foreign key (ho_so_suc_khoe_id) references ho_so_suc_khoe
Hibernate: alter table if exists yeu_cau_gui_thuoc_ke_hoach_uong add constraint FKd9b5tpl5ijb8trb9pfma49y83 foreign key (yeu_cau_id) references yeu_cau_gui_thuoc
2025-06-06T03:04:18.358Z  INFO 13401 --- [           main] j.LocalContainerEntityManagerFactoryBean : Initialized JPA EntityManagerFactory for persistence unit 'default'
2025-06-06T03:04:18.929Z  WARN 13401 --- [           main] JpaBaseConfiguration$JpaWebConfiguration : spring.jpa.open-in-view is enabled by default. Therefore, database queries may be performed during view rendering. Explicitly configure spring.jpa.open-in-view to disable this warning
2025-06-06T03:04:18.955Z  WARN 13401 --- [           main] .s.s.UserDetailsServiceAutoConfiguration :

Using generated security password: a614e7bd-3a83-4696-858b-67ade63a820c

This generated password is for development use only. Your security configuration must be updated before running your application in production.

2025-06-06T03:04:19.349Z  INFO 13401 --- [           main] o.s.s.web.DefaultSecurityFilterChain     : Will secure any request with [org.springframework.security.web.session.DisableEncodeUrlFilter@105d2c27, org.springframework.security.web.context.request.async.WebAsyncManagerIntegrationFilter@7ca46aaf, org.springframework.security.web.context.SecurityContextHolderFilter@72187492, org.springframework.security.web.header.HeaderWriterFilter@4daa53e0, org.springframework.web.filter.CorsFilter@701c092c, org.springframework.security.web.authentication.logout.LogoutFilter@22e8f04c, org.springframework.security.web.savedrequest.RequestCacheAwareFilter@5b20024b, org.springframework.security.web.servletapi.SecurityContextHolderAwareRequestFilter@2f8ede54, org.springframework.security.web.authentication.AnonymousAuthenticationFilter@20c4be8d, org.springframework.security.web.session.SessionManagementFilter@54d3b4fe, org.springframework.security.web.access.ExceptionTranslationFilter@1847da64, org.springframework.security.web.access.intercept.AuthorizationFilter@3d36204f]
2025-06-06T03:04:20.422Z  INFO 13401 --- [           main] .e.s.SchoolHealthBackendApplicationTests : Started SchoolHealthBackendApplicationTests in 5.994 seconds (process running for 10.355)
]]></system-out>
  </testcase>
</testsuite>